<?xml version="1.0" encoding="UTF-8" ?>
<testsuites>

  <testsuite name="Player" errors="0" tests="1" failures="0" time="0.009" timestamp="Mon Oct 20 2014 11:50:24 GMT-0400 (EDT)">
    
      <testcase assertions="0" classname="Player" name="should be able to play a Song" time="0.001">
        
      </testcase>
    
  </testsuite>

</testsuites>