<?xml version="1.0" encoding="UTF-8" ?>
<testsuites>

  <testsuite name="Player when song has been paused" errors="0" tests="3" failures="0" time="0.003" timestamp="Mon Oct 20 2014 11:50:24 GMT-0400 (EDT)">
    
      <testcase assertions="0" classname="Player when song has been paused" name="should indicate that the song is currently paused" time="0.001">
        
      </testcase>
    
      <testcase assertions="0" classname="Player when song has been paused" name="should be possible to resume" time="0">
        
      </testcase>
    
      <testcase assertions="0" classname="Player when song has been paused" name="tells the current song if the user has made it a favorite" time="0.001">
        
      </testcase>
    
  </testsuite>

</testsuites>